2025-08-06 18:45:30,687 [INFO] Activator:176 - 


2025-08-06 18:45:30,688 [INFO] Activator:177 - !SESSION log4j initialized
2025-08-06 18:45:33,220 [INFO] LogOutputStream:77 - [STDOUT_REDIRECT] 
2025-08-06 18:45:35,733 [INFO] ApplicationProperties:184 - Using Application install path: /home/user/st/stm32cubeide_1.18.0/plugins/com.st.stm32cube.common.mx_6.14.0.202502271554
2025-08-06 18:45:35,765 [INFO] DbMcusXml:78 - Set database path to: /home/user/st/stm32cubeide_1.18.0/plugins/com.st.stm32cube.common.mx_6.14.0.202502271554//db//mcu/
2025-08-06 18:45:35,765 [INFO] ApiDb:274 - Set plugin database path to: /home/user/st/stm32cubeide_1.18.0/plugins/com.st.stm32cube.common.mx_6.14.0.202502271554//db//plugins/boardmanager/
2025-08-06 18:45:35,765 [WARN] ApiDb:259 - Overriding images path with different value:  => /home/user/st/stm32cubeide_1.18.0/plugins/com.st.stm32cube.common.mx_6.14.0.202502271554//db//plugins/mcufinder/images/
2025-08-06 18:45:35,779 [INFO] ApiDb:250 - Set database path to: /home/user/.stmcufinder/plugins/mcufinder//mcu/
2025-08-06 18:45:35,781 [INFO] DbMcusAds:125 - Set database path to: /home/user/.stmcufinder/plugins/mcufinder//mcu/
2025-08-06 18:45:35,787 [INFO] CrossReferenceDbSqlite:203 - Set database path to: /home/user/.stmcufinder/plugins/mcufinder//mcu/cs/
2025-08-06 18:45:35,942 [INFO] RulesReader:64 - Compatibility file has been processed (301 Rules)
2025-08-06 18:45:36,087 [INFO] DbMcusXml:78 - Set database path to: /home/user/st/stm32cubeide_1.18.0/plugins/com.st.stm32cube.common.mx_6.14.0.202502271554//db//mcu/
2025-08-06 18:45:36,087 [INFO] ApiDb:274 - Set plugin database path to: /home/user/st/stm32cubeide_1.18.0/plugins/com.st.stm32cube.common.mx_6.14.0.202502271554//db//plugins/boardmanager/
2025-08-06 18:45:36,087 [INFO] ApiDb:261 - Set plugin images path to: /home/user/st/stm32cubeide_1.18.0/plugins/com.st.stm32cube.common.mx_6.14.0.202502271554//db//plugins/mcufinder/images/
2025-08-06 18:45:36,087 [WARN] DbFile:41 - Overriding database path with different value: /home/user/.stmcufinder/plugins/mcufinder/ => /home/user/.stmcufinder/plugins/mcufinder
2025-08-06 18:45:36,087 [INFO] ApiDb:250 - Set database path to: /home/user/.stmcufinder/plugins/mcufinder//mcu/
2025-08-06 18:45:36,089 [WARN] DbFile:41 - Overriding database path with different value: /home/user/.stmcufinder/plugins/mcufinder/ => /home/user/.stmcufinder/plugins/mcufinder
2025-08-06 18:45:36,089 [INFO] DbMcusAds:125 - Set database path to: /home/user/.stmcufinder/plugins/mcufinder//mcu/
2025-08-06 18:45:36,089 [WARN] DbFile:41 - Overriding database path with different value: /home/user/.stmcufinder/plugins/mcufinder/ => /home/user/.stmcufinder/plugins/mcufinder
2025-08-06 18:45:36,089 [WARN] DbFile:41 - Overriding database path with different value: /home/user/.stmcufinder/plugins/mcufinder/ => /home/user/.stmcufinder/plugins/mcufinder
2025-08-06 18:45:36,089 [INFO] CrossReferenceDbSqlite:203 - Set database path to: /home/user/.stmcufinder/plugins/mcufinder//mcu/cs/
2025-08-06 18:45:36,226 [INFO] MainPanel:272 - HeapMemory: 268435456
2025-08-06 18:45:36,557 [INFO] DbMcusXml:78 - Set database path to: /home/user/st/stm32cubeide_1.18.0/plugins/com.st.stm32cube.common.mx_6.14.0.202502271554//db//mcu/
2025-08-06 18:45:36,557 [INFO] ApiDb:274 - Set plugin database path to: /home/user/st/stm32cubeide_1.18.0/plugins/com.st.stm32cube.common.mx_6.14.0.202502271554//db//plugins/boardmanager/
2025-08-06 18:45:36,557 [INFO] ApiDb:261 - Set plugin images path to: /home/user/st/stm32cubeide_1.18.0/plugins/com.st.stm32cube.common.mx_6.14.0.202502271554//db//plugins/mcufinder/images/
2025-08-06 18:45:36,557 [WARN] DbFile:41 - Overriding database path with different value: /home/user/.stmcufinder/plugins/mcufinder/ => /home/user/.stmcufinder/plugins/mcufinder
2025-08-06 18:45:36,558 [INFO] ApiDb:250 - Set database path to: /home/user/.stmcufinder/plugins/mcufinder//mcu/
2025-08-06 18:45:36,558 [WARN] DbFile:41 - Overriding database path with different value: /home/user/.stmcufinder/plugins/mcufinder/ => /home/user/.stmcufinder/plugins/mcufinder
2025-08-06 18:45:36,558 [INFO] DbMcusAds:125 - Set database path to: /home/user/.stmcufinder/plugins/mcufinder//mcu/
2025-08-06 18:45:36,558 [WARN] DbFile:41 - Overriding database path with different value: /home/user/.stmcufinder/plugins/mcufinder/ => /home/user/.stmcufinder/plugins/mcufinder
2025-08-06 18:45:36,558 [WARN] DbFile:41 - Overriding database path with different value: /home/user/.stmcufinder/plugins/mcufinder/ => /home/user/.stmcufinder/plugins/mcufinder
2025-08-06 18:45:36,558 [INFO] CrossReferenceDbSqlite:203 - Set database path to: /home/user/.stmcufinder/plugins/mcufinder//mcu/cs/
2025-08-06 18:45:36,585 [INFO] ApplicationProperties:184 - Using Application install path: /home/user/st/stm32cubeide_1.18.0/plugins/com.st.stm32cube.common.mx_6.14.0.202502271554
2025-08-06 18:45:36,590 [INFO] PluginManage:196 - Search for loadable plugins [exclusion list=, ]
2025-08-06 18:45:36,593 [INFO] PluginManage:310 - Check plugin analytics
2025-08-06 18:45:36,899 [INFO] AnalyticsPlugin:253 - Accepted Software Licenses: 
2025-08-06 18:45:36,899 [INFO] AnalyticsPlugin:255 - Accepted CMSIS Pack Licenses: 
2025-08-06 18:45:36,900 [INFO] AnalyticsPlugin:257 - Accepted Firmware Licenses: FW.F4.1.28.0,FW.G0.1.6.0,FW.G4.1.6.0
2025-08-06 18:45:36,902 [INFO] PluginManage:359 - Loaded plugin analytics (category:tool,tabindex:-1)
2025-08-06 18:45:36,902 [INFO] PluginManage:310 - Check plugin cadmodel
2025-08-06 18:45:36,918 [INFO] CADModel:105 - Init CAD model plugin
2025-08-06 18:45:36,921 [INFO] PluginManage:359 - Loaded plugin cadmodel (category:power,tabindex:5)
2025-08-06 18:45:36,924 [INFO] PluginManage:310 - Check plugin clock
2025-08-06 18:45:36,953 [INFO] PluginManage:359 - Loaded plugin clock (category:base,tabindex:2)
2025-08-06 18:45:36,953 [INFO] PluginManage:310 - Check plugin ddr
2025-08-06 18:45:36,966 [INFO] PluginManage:359 - Loaded plugin ddr (category:tool,tabindex:6)
2025-08-06 18:45:36,966 [INFO] PluginManage:310 - Check plugin filemanager
2025-08-06 18:45:37,239 [INFO] PluginManage:359 - Loaded plugin filemanager (category:base,tabindex:10)
2025-08-06 18:45:37,239 [INFO] PluginManage:310 - Check plugin ipmanager
2025-08-06 18:45:37,248 [INFO] PluginManage:359 - Loaded plugin ipmanager (category:base,tabindex:5)
2025-08-06 18:45:37,249 [INFO] PluginManage:310 - Check plugin lpbam
2025-08-06 18:45:37,264 [INFO] PluginManage:359 - Loaded plugin lpbam (category:base,tabindex:0)
2025-08-06 18:45:37,264 [INFO] PluginManage:310 - Check plugin memorymap
2025-08-06 18:45:37,281 [INFO] PluginManage:359 - Loaded plugin memorymap (category:base,tabindex:4)
2025-08-06 18:45:37,282 [INFO] PluginManage:310 - Check plugin pinoutandconfiguration
2025-08-06 18:45:37,298 [INFO] PluginManage:359 - Loaded plugin pinoutandconfiguration (category:base,tabindex:1)
2025-08-06 18:45:37,299 [INFO] PluginManage:310 - Check plugin pinoutconfig
2025-08-06 18:45:37,488 [WARN] SupportedApi:132 - Cannot load RTOS API schema: s4s-elt-must-match.1: The content of 'definitions' must match (annotation?, (simpleType | complexType)?, (unique | key | keyref)*)). A problem was found starting at: attribute.
2025-08-06 18:45:37,639 [INFO] PluginManage:359 - Loaded plugin pinoutconfig (category:base,tabindex:0)
2025-08-06 18:45:37,639 [INFO] PluginManage:310 - Check plugin power
2025-08-06 18:45:37,660 [INFO] PluginManage:359 - Loaded plugin power (category:power,tabindex:4)
2025-08-06 18:45:37,660 [INFO] PluginManage:310 - Check plugin projectmanager
2025-08-06 18:45:37,683 [INFO] PluginManage:359 - Loaded plugin projectmanager (category:projectmanager,tabindex:4)
2025-08-06 18:45:37,683 [INFO] PluginManage:310 - Check plugin rif
2025-08-06 18:45:37,691 [INFO] PluginManage:359 - Loaded plugin rif (category:base,tabindex:3)
2025-08-06 18:45:37,691 [INFO] PluginManage:310 - Check plugin thirdparty
2025-08-06 18:45:37,813 [INFO] PluginManage:359 - Loaded plugin thirdparty (category:base,tabindex:-1)
2025-08-06 18:45:37,814 [INFO] PluginManage:310 - Check plugin tools
2025-08-06 18:45:37,815 [INFO] PluginManage:359 - Loaded plugin tools (category:base,tabindex:7)
2025-08-06 18:45:37,815 [WARN] IntegrityCheckThread:84 - waiting for thirdparty lock release [integrity check]
2025-08-06 18:45:37,816 [INFO] PluginManage:310 - Check plugin tutovideos
2025-08-06 18:45:37,816 [INFO] IntegrityCheckThread:86 - entering critical section [integrity check]
2025-08-06 18:45:37,816 [INFO] ThirdPartyUpdaterWithRetryManager:70 - Updater plugin not ready yet. [1/15]
2025-08-06 18:45:38,046 [INFO] PluginManage:359 - Loaded plugin tutovideos (category:base,tabindex:-1)
2025-08-06 18:45:38,047 [INFO] PluginManage:310 - Check plugin updater
2025-08-06 18:45:38,066 [INFO] PluginManage:359 - Loaded plugin updater (category:base,tabindex:12)
2025-08-06 18:45:38,067 [INFO] PluginManage:310 - Check plugin userauth
2025-08-06 18:45:38,070 [INFO] UserAuth:118 - Init User Auth plugin
2025-08-06 18:45:38,071 [INFO] PluginManage:359 - Loaded plugin userauth (category:base,tabindex:14)
2025-08-06 18:45:38,071 [INFO] PluginManage:283 - PluginManage : Loaded plugins [18]
2025-08-06 18:45:38,190 [INFO] PinOutPanel:1589 - setPackage(No Configuration,No Configuration)
2025-08-06 18:45:38,235 [INFO] CADModel:165 - CPN selected for project level
2025-08-06 18:45:38,235 [INFO] CADModel:114 - Register for checkConnection events
2025-08-06 18:45:38,242 [INFO] IPUIPlugin:80 - create IPUIPlugin
2025-08-06 18:45:38,242 [INFO] PluginManager:220 - loadIPPluginJar : add dfsdm
2025-08-06 18:45:38,249 [INFO] IPUIPlugin:80 - create IPUIPlugin
2025-08-06 18:45:38,249 [INFO] PluginManager:220 - loadIPPluginJar : add stm32_wpan
2025-08-06 18:45:38,250 [INFO] IPUIPlugin:80 - create IPUIPlugin
2025-08-06 18:45:38,250 [INFO] PluginManager:220 - loadIPPluginJar : add quadspi
2025-08-06 18:45:38,253 [INFO] IPUIPlugin:80 - create IPUIPlugin
2025-08-06 18:45:38,253 [INFO] PluginManager:220 - loadIPPluginJar : add usbx
2025-08-06 18:45:38,257 [INFO] IPUIPlugin:80 - create IPUIPlugin
2025-08-06 18:45:38,257 [INFO] PluginManager:220 - loadIPPluginJar : add freertos
2025-08-06 18:45:38,258 [INFO] IPUIPlugin:80 - create IPUIPlugin
2025-08-06 18:45:38,258 [INFO] PluginManager:220 - loadIPPluginJar : add tracer_emb
2025-08-06 18:45:38,260 [INFO] IPUIPlugin:80 - create IPUIPlugin
2025-08-06 18:45:38,260 [INFO] PluginManager:220 - loadIPPluginJar : add spi
2025-08-06 18:45:38,264 [INFO] IPUIPlugin:80 - create IPUIPlugin
2025-08-06 18:45:38,265 [INFO] PluginManager:220 - loadIPPluginJar : add adc
2025-08-06 18:45:38,267 [INFO] IPUIPlugin:80 - create IPUIPlugin
2025-08-06 18:45:38,267 [INFO] PluginManager:220 - loadIPPluginJar : add gtzc
2025-08-06 18:45:38,268 [INFO] IPUIPlugin:80 - create IPUIPlugin
2025-08-06 18:45:38,268 [INFO] PluginManager:220 - loadIPPluginJar : add comp
2025-08-06 18:45:38,271 [INFO] IPUIPlugin:80 - create IPUIPlugin
2025-08-06 18:45:38,272 [INFO] PluginManager:220 - loadIPPluginJar : add gpio
2025-08-06 18:45:38,273 [INFO] IPUIPlugin:80 - create IPUIPlugin
2025-08-06 18:45:38,273 [INFO] PluginManager:220 - loadIPPluginJar : add ts
2025-08-06 18:45:38,276 [INFO] IPUIPlugin:80 - create IPUIPlugin
2025-08-06 18:45:38,276 [INFO] PluginManager:220 - loadIPPluginJar : add ddr_ctrl_phy
2025-08-06 18:45:38,277 [INFO] IPUIPlugin:80 - create IPUIPlugin
2025-08-06 18:45:38,277 [INFO] PluginManager:220 - loadIPPluginJar : add pdm2pcm
2025-08-06 18:45:38,279 [INFO] IPUIPlugin:80 - create IPUIPlugin
2025-08-06 18:45:38,279 [INFO] PluginManager:220 - loadIPPluginJar : add extmemmanager
2025-08-06 18:45:38,281 [INFO] IPUIPlugin:80 - create IPUIPlugin
2025-08-06 18:45:38,281 [INFO] PluginManager:220 - loadIPPluginJar : add tim
2025-08-06 18:45:38,282 [INFO] IPUIPlugin:80 - create IPUIPlugin
2025-08-06 18:45:38,282 [INFO] PluginManager:220 - loadIPPluginJar : add cryp
2025-08-06 18:45:38,287 [INFO] IPUIPlugin:80 - create IPUIPlugin
2025-08-06 18:45:38,288 [INFO] PluginManager:220 - loadIPPluginJar : add plateformsettings
2025-08-06 18:45:38,290 [INFO] IPUIPlugin:80 - create IPUIPlugin
2025-08-06 18:45:38,290 [INFO] PluginManager:220 - loadIPPluginJar : add i2s
2025-08-06 18:45:38,294 [INFO] IPUIPlugin:80 - create IPUIPlugin
2025-08-06 18:45:38,294 [INFO] PluginManager:220 - loadIPPluginJar : add gic
2025-08-06 18:45:38,296 [INFO] IPUIPlugin:80 - create IPUIPlugin
2025-08-06 18:45:38,296 [INFO] PluginManager:220 - loadIPPluginJar : add usart
2025-08-06 18:45:38,298 [INFO] IPUIPlugin:80 - create IPUIPlugin
2025-08-06 18:45:38,299 [INFO] PluginManager:220 - loadIPPluginJar : add touchsensing
2025-08-06 18:45:38,300 [INFO] IPUIPlugin:80 - create IPUIPlugin
2025-08-06 18:45:38,300 [INFO] PluginManager:220 - loadIPPluginJar : add genericplugin
2025-08-06 18:45:38,304 [INFO] IPUIPlugin:80 - create IPUIPlugin
2025-08-06 18:45:38,304 [INFO] PluginManager:220 - loadIPPluginJar : add dma
2025-08-06 18:45:38,306 [INFO] IPUIPlugin:80 - create IPUIPlugin
2025-08-06 18:45:38,306 [INFO] PluginManager:220 - loadIPPluginJar : add i2c
2025-08-06 18:45:38,307 [INFO] IPUIPlugin:80 - create IPUIPlugin
2025-08-06 18:45:38,307 [INFO] PluginManager:220 - loadIPPluginJar : add ltdc
2025-08-06 18:45:38,310 [INFO] IPUIPlugin:80 - create IPUIPlugin
2025-08-06 18:45:38,310 [INFO] PluginManager:220 - loadIPPluginJar : add nvic
2025-08-06 18:45:38,314 [INFO] IPUIPlugin:80 - create IPUIPlugin
2025-08-06 18:45:38,314 [INFO] PluginManager:220 - loadIPPluginJar : add resmgrutility
2025-08-06 18:45:38,316 [INFO] IPUIPlugin:80 - create IPUIPlugin
2025-08-06 18:45:38,316 [INFO] PluginManager:220 - loadIPPluginJar : add gfxmmu
2025-08-06 18:45:38,317 [INFO] IPUIPlugin:80 - create IPUIPlugin
2025-08-06 18:45:38,317 [INFO] PluginManager:220 - loadIPPluginJar : add tsc
2025-08-06 18:45:38,319 [INFO] IPUIPlugin:80 - create IPUIPlugin
2025-08-06 18:45:38,319 [INFO] PluginManager:220 - loadIPPluginJar : add i3c
2025-08-06 18:45:38,321 [INFO] IPUIPlugin:80 - create IPUIPlugin
2025-08-06 18:45:38,321 [INFO] PluginManager:220 - loadIPPluginJar : add lorawan
2025-08-06 18:45:38,323 [INFO] IPUIPlugin:80 - create IPUIPlugin
2025-08-06 18:45:38,323 [INFO] PluginManager:220 - loadIPPluginJar : add fmc
2025-08-06 18:45:38,325 [INFO] IPUIPlugin:80 - create IPUIPlugin
2025-08-06 18:45:38,325 [INFO] PluginManager:220 - loadIPPluginJar : add opamp
2025-08-06 18:45:38,330 [INFO] IPUIPlugin:80 - create IPUIPlugin
2025-08-06 18:45:38,331 [INFO] PluginManager:220 - loadIPPluginJar : add mdma
2025-08-06 18:45:38,332 [INFO] IPUIPlugin:80 - create IPUIPlugin
2025-08-06 18:45:38,332 [INFO] PluginManager:220 - loadIPPluginJar : add ucpd
2025-08-06 18:45:38,334 [INFO] IPUIPlugin:80 - create IPUIPlugin
2025-08-06 18:45:38,334 [INFO] PluginManager:220 - loadIPPluginJar : add openamp
2025-08-06 18:45:38,336 [INFO] IPUIPlugin:80 - create IPUIPlugin
2025-08-06 18:45:38,336 [INFO] PluginManager:220 - loadIPPluginJar : add ipddr
2025-08-06 18:45:38,337 [INFO] IPUIPlugin:80 - create IPUIPlugin
2025-08-06 18:45:38,337 [INFO] PluginManager:220 - loadIPPluginJar : add radio
2025-08-06 18:45:38,339 [INFO] IPUIPlugin:80 - create IPUIPlugin
2025-08-06 18:45:38,339 [INFO] PluginManager:220 - loadIPPluginJar : add sai
2025-08-06 18:45:38,344 [INFO] IPUIPlugin:80 - create IPUIPlugin
2025-08-06 18:45:38,345 [INFO] PluginManager:220 - loadIPPluginJar : add linkedlist
2025-08-06 18:45:38,346 [INFO] IPUIPlugin:80 - create IPUIPlugin
2025-08-06 18:45:38,346 [INFO] PluginManager:220 - loadIPPluginJar : add fatfs
2025-08-06 18:45:38,348 [INFO] IPUIPlugin:80 - create IPUIPlugin
2025-08-06 18:45:38,348 [INFO] PluginManager:220 - loadIPPluginJar : add dma3
2025-08-06 18:45:38,349 [INFO] IPUIPlugin:80 - create IPUIPlugin
2025-08-06 18:45:38,349 [INFO] PluginManager:220 - loadIPPluginJar : add can
2025-08-06 18:45:38,351 [INFO] IPUIPlugin:80 - create IPUIPlugin
2025-08-06 18:45:38,351 [INFO] PluginManager:220 - loadIPPluginJar : add aes
2025-08-06 18:45:38,352 [INFO] IPUIPlugin:80 - create IPUIPlugin
2025-08-06 18:45:38,352 [INFO] PluginManager:220 - loadIPPluginJar : add hash
2025-08-06 18:45:38,443 [FATAL] Updater:351 - Updater called before beeing initialized
2025-08-06 18:45:38,460 [INFO] RulesReader:64 - Compatibility file has been processed (301 Rules)
2025-08-06 18:45:38,467 [INFO] RulesReader:64 - Compatibility file has been processed (301 Rules)
2025-08-06 18:45:38,471 [INFO] CADModel:165 - CPN selected for project level
2025-08-06 18:45:38,471 [INFO] CADModel:114 - Register for checkConnection events
2025-08-06 18:45:38,471 [FATAL] Updater:351 - Updater called before beeing initialized
2025-08-06 18:45:38,471 [ERROR] CADModel:125 - Updater not yet initialized, retry later 
2025-08-06 18:45:38,557 [FATAL] Updater:351 - Updater called before beeing initialized
2025-08-06 18:45:38,559 [INFO] CADModel:165 - CPN selected for project level
2025-08-06 18:45:38,559 [INFO] CADModel:114 - Register for checkConnection events
2025-08-06 18:45:38,559 [FATAL] Updater:351 - Updater called before beeing initialized
2025-08-06 18:45:38,559 [ERROR] CADModel:125 - Updater not yet initialized, retry later 
2025-08-06 18:45:38,561 [FATAL] Updater:351 - Updater called before beeing initialized
2025-08-06 18:45:38,613 [FATAL] Updater:351 - Updater called before beeing initialized
2025-08-06 18:45:38,616 [INFO] DbMcusAds:53 - JSON generation date=Tue Jul 08 11:14:23 MSK 2025 (1751962463562)
2025-08-06 18:45:38,616 [FATAL] Updater:351 - Updater called before beeing initialized
2025-08-06 18:45:38,645 [WARN] DetailPanel:346 - Failed to get advertising image, set to default
2025-08-06 18:45:38,835 [FATAL] Updater:351 - Updater called before beeing initialized
2025-08-06 18:45:38,836 [FATAL] Updater:351 - Updater called before beeing initialized
2025-08-06 18:45:38,836 [FATAL] Updater:351 - Updater called before beeing initialized
2025-08-06 18:45:38,836 [WARN] DetailPanel:346 - Failed to get advertising image, set to default
2025-08-06 18:45:38,837 [FATAL] Updater:351 - Updater called before beeing initialized
2025-08-06 18:45:38,860 [ERROR] Updater:1198 - MainUpdater not yet initialized. External WinMGr cannot be set.
2025-08-06 18:45:38,861 [INFO] Updater:1134 - Updater Version found : 6.14.0
2025-08-06 18:45:38,873 [INFO] ApplicationProperties:184 - Using Application install path: /home/user/st/stm32cubeide_1.18.0/plugins/com.st.stm32cube.common.mx_6.14.0.202502271554
2025-08-06 18:45:39,226 [ERROR] CheckConnectionManager:249 - Problem, Http access forbiden
2025-08-06 18:45:39,228 [INFO] MainUpdater:2872 - connection check result : 22
2025-08-06 18:45:39,229 [INFO] MainUpdater:289 - Updater Check For Update Now.
2025-08-06 18:45:39,229 [INFO] MicroXplorer:498 - Change Database Version : DB.6.0.140
2025-08-06 18:45:39,232 [INFO] McuFinderGlobals:63 - Set McuFinder mode to 2 (CubeIDE integrated)
2025-08-06 18:45:39,234 [INFO] UserAuth:486 - Internet connection configuration mode: 2
2025-08-06 18:45:39,236 [INFO] UserAuth:486 - Internet connection configuration mode: 2
2025-08-06 18:45:39,394 [INFO] CheckServerUpdateThread:120 - End of CheckServer Thread
2025-08-06 18:45:40,874 [WARN] PackLoader:240 - Cannot read IP mode file for STMicroelectronics.FP-SNS-MOTENVWB1.1.4.0
2025-08-06 18:45:40,884 [WARN] PackLoader:240 - Cannot read IP mode file for STMicroelectronics.X-CUBE-DISPLAY.3.0.0
2025-08-06 18:45:40,892 [WARN] PackLoader:240 - Cannot read IP mode file for STMicroelectronics.FP-SNS-SMARTAG2.1.2.0
2025-08-06 18:45:40,895 [WARN] PackLoader:240 - Cannot read IP mode file for STMicroelectronics.FP-SNS-MOTENV1.5.0.0
2025-08-06 18:45:40,901 [WARN] PackLoader:240 - Cannot read IP mode file for STMicroelectronics.X-CUBE-BLE2.3.3.0
2025-08-06 18:45:40,904 [WARN] PackLoader:240 - Cannot read IP mode file for STMicroelectronics.FP-ATR-SIGFOX1.3.2.0
2025-08-06 18:45:40,909 [WARN] PackLoader:240 - Cannot read IP mode file for STMicroelectronics.FP-SNS-STBOX1.2.0.0
2025-08-06 18:45:40,915 [WARN] PackLoader:240 - Cannot read IP mode file for STMicroelectronics.X-CUBE-ALS.1.0.2
2025-08-06 18:45:40,916 [INFO] ThirdParty:978 - Integrity check success = true
2025-08-06 18:45:40,916 [INFO] IntegrityCheckThread:100 - exiting critical section [integrity check]
2025-08-06 18:45:40,917 [INFO] IntegrityCheckThread:103 - End integrity checks thread
