Performing C SOURCE FILE Test C_SUPPORTS_WMISSING_VARIABLE_DECLARATIONS failed with the following output:
Change Dir: /home/evg/SOFT/Github/Arm/st-link/CMakeFiles/CMakeTmp

Run Build Command(s):/usr/bin/make cmTC_d646c/fast && /usr/bin/make -f CMakeFiles/cmTC_d646c.dir/build.make CMakeFiles/cmTC_d646c.dir/build
make[1]: Entering directory '/home/evg/SOFT/Github/Arm/st-link/CMakeFiles/CMakeTmp'
Building C object CMakeFiles/cmTC_d646c.dir/src.c.o
/usr/bin/cc   -Wall -Wextra -Wshadow -D_FORTIFY_SOURCE=2 -fstrict-aliasing -Wundef -Wformat -Wformat-security -Wmaybe-uninitialized -DC_SUPPORTS_WMISSING_VARIABLE_DECLARATIONS   -Wmissing-variable-declarations -std=gnu11 -o CMakeFiles/cmTC_d646c.dir/src.c.o   -c /home/evg/SOFT/Github/Arm/st-link/CMakeFiles/CMakeTmp/src.c
cc: error: unrecognized command line option '-Wmissing-variable-declarations'; did you mean '-Wmissing-declarations'?
make[1]: *** [CMakeFiles/cmTC_d646c.dir/build.make:66: CMakeFiles/cmTC_d646c.dir/src.c.o] Error 1
make[1]: Leaving directory '/home/evg/SOFT/Github/Arm/st-link/CMakeFiles/CMakeTmp'
make: *** [Makefile:121: cmTC_d646c/fast] Error 2


Source file was:
int main(void) { return 0; }
Performing C SOURCE FILE Test C_SUPPORTS_WSHORTEN_64_TO_32 failed with the following output:
Change Dir: /home/evg/SOFT/Github/Arm/st-link/CMakeFiles/CMakeTmp

Run Build Command(s):/usr/bin/make cmTC_e3b42/fast && /usr/bin/make -f CMakeFiles/cmTC_e3b42.dir/build.make CMakeFiles/cmTC_e3b42.dir/build
make[1]: Entering directory '/home/evg/SOFT/Github/Arm/st-link/CMakeFiles/CMakeTmp'
Building C object CMakeFiles/cmTC_e3b42.dir/src.c.o
/usr/bin/cc   -Wall -Wextra -Wshadow -D_FORTIFY_SOURCE=2 -fstrict-aliasing -Wundef -Wformat -Wformat-security -Wmaybe-uninitialized -DC_SUPPORTS_WSHORTEN_64_TO_32   -Wshorten-64-to-32 -std=gnu11 -o CMakeFiles/cmTC_e3b42.dir/src.c.o   -c /home/evg/SOFT/Github/Arm/st-link/CMakeFiles/CMakeTmp/src.c
cc: error: unrecognized command line option '-Wshorten-64-to-32'
make[1]: *** [CMakeFiles/cmTC_e3b42.dir/build.make:66: CMakeFiles/cmTC_e3b42.dir/src.c.o] Error 1
make[1]: Leaving directory '/home/evg/SOFT/Github/Arm/st-link/CMakeFiles/CMakeTmp'
make: *** [Makefile:121: cmTC_e3b42/fast] Error 2


Source file was:
int main(void) { return 0; }
Determining if the function __stack_chk_fail exists in the ssp failed with the following output:
Change Dir: /home/evg/SOFT/Github/Arm/st-link/CMakeFiles/CMakeTmp

Run Build Command(s):/usr/bin/make cmTC_00646/fast && /usr/bin/make -f CMakeFiles/cmTC_00646.dir/build.make CMakeFiles/cmTC_00646.dir/build
make[1]: Entering directory '/home/evg/SOFT/Github/Arm/st-link/CMakeFiles/CMakeTmp'
Building C object CMakeFiles/cmTC_00646.dir/CheckFunctionExists.c.o
/usr/bin/cc   -Wall -Wextra -Wshadow -D_FORTIFY_SOURCE=2 -fstrict-aliasing -Wundef -Wformat -Wformat-security -Wmaybe-uninitialized -Wimplicit-function-declaration -Wredundant-decls -fPIC -Werror -DCHECK_FUNCTION_EXISTS=__stack_chk_fail   -std=gnu11 -o CMakeFiles/cmTC_00646.dir/CheckFunctionExists.c.o   -c /usr/share/cmake-3.16/Modules/CheckFunctionExists.c
Linking C executable cmTC_00646
/usr/bin/cmake -E cmake_link_script CMakeFiles/cmTC_00646.dir/link.txt --verbose=1
/usr/bin/cc  -Wall -Wextra -Wshadow -D_FORTIFY_SOURCE=2 -fstrict-aliasing -Wundef -Wformat -Wformat-security -Wmaybe-uninitialized -Wimplicit-function-declaration -Wredundant-decls -fPIC -Werror -DCHECK_FUNCTION_EXISTS=__stack_chk_fail    CMakeFiles/cmTC_00646.dir/CheckFunctionExists.c.o  -o cmTC_00646  -lssp 
/usr/bin/ld: cannot find -lssp
collect2: error: ld returned 1 exit status
make[1]: *** [CMakeFiles/cmTC_00646.dir/build.make:87: cmTC_00646] Error 1
make[1]: Leaving directory '/home/evg/SOFT/Github/Arm/st-link/CMakeFiles/CMakeTmp'
make: *** [Makefile:121: cmTC_00646/fast] Error 2



