The system is: Linux - 5.4.0-91-generic - x86_64
Compiling the C compiler identification source file "CMakeCCompilerId.c" succeeded.
Compiler: /home/evg/toolchain/gcc-arm-none-eabi-10.3-2021.10/bin/arm-none-eabi-cpp 
Build flags: 
Id flags:  

The output was:
0
# 1 "CMakeCCompilerId.c"
# 1 "<built-in>"
# 1 "<command-line>"
# 1 "CMakeCCompilerId.c"
# 321 "CMakeCCompilerId.c"
char const* info_compiler = "INFO" ":" "compiler[" "GNU" "]";
# 567 "CMakeCCompilerId.c"
char const info_version[] = {
  'I', 'N', 'F', 'O', ':',
  'c','o','m','p','i','l','e','r','_','v','e','r','s','i','o','n','[',
  ('0' + (((10) / 10000000)%10)), ('0' + (((10) / 1000000)%10)), ('0' + (((10) / 100000)%10)), ('0' + (((10) / 10000)%10)), ('0' + (((10) / 1000)%10)), ('0' + (((10) / 100)%10)), ('0' + (((10) / 10)%10)), ('0' + ((10) % 10)),

  '.', ('0' + (((3) / 10000000)%10)), ('0' + (((3) / 1000000)%10)), ('0' + (((3) / 100000)%10)), ('0' + (((3) / 10000)%10)), ('0' + (((3) / 1000)%10)), ('0' + (((3) / 100)%10)), ('0' + (((3) / 10)%10)), ('0' + ((3) % 10)),

   '.', ('0' + (((1) / 10000000)%10)), ('0' + (((1) / 1000000)%10)), ('0' + (((1) / 100000)%10)), ('0' + (((1) / 10000)%10)), ('0' + (((1) / 1000)%10)), ('0' + (((1) / 100)%10)), ('0' + (((1) / 10)%10)), ('0' + ((1) % 10)),





  ']','\0'};
# 614 "CMakeCCompilerId.c"
char const* info_platform = "INFO" ":" "platform[" "]";
char const* info_arch = "INFO" ":" "arch[" "]";
# 634 "CMakeCCompilerId.c"
const char* info_language_dialect_default =
  "INFO" ":" "dialect_default[" "11" "]";
# 645 "CMakeCCompilerId.c"
int main(int argc, char* argv[])

{
  int require = 0;
  require += info_compiler[argc];
  require += info_platform[argc];
  require += info_arch[argc];

  require += info_version[argc];
# 667 "CMakeCCompilerId.c"
  require += info_language_dialect_default[argc];
  (void)argv;
  return require;
}


Compiling the C compiler identification source file "CMakeCCompilerId.c" succeeded.
Compiler: /home/evg/toolchain/gcc-arm-none-eabi-10.3-2021.10/bin/arm-none-eabi-cpp 
Build flags: 
Id flags: -D__CLASSIC_C__ 

The output was:
0
# 1 "CMakeCCompilerId.c"
# 1 "<built-in>"
# 1 "<command-line>"
# 1 "CMakeCCompilerId.c"
# 321 "CMakeCCompilerId.c"
char * info_compiler = "INFO" ":" "compiler[" "GNU" "]";
# 567 "CMakeCCompilerId.c"
char info_version[] = {
  'I', 'N', 'F', 'O', ':',
  'c','o','m','p','i','l','e','r','_','v','e','r','s','i','o','n','[',
  ('0' + (((10) / 10000000)%10)), ('0' + (((10) / 1000000)%10)), ('0' + (((10) / 100000)%10)), ('0' + (((10) / 10000)%10)), ('0' + (((10) / 1000)%10)), ('0' + (((10) / 100)%10)), ('0' + (((10) / 10)%10)), ('0' + ((10) % 10)),

  '.', ('0' + (((3) / 10000000)%10)), ('0' + (((3) / 1000000)%10)), ('0' + (((3) / 100000)%10)), ('0' + (((3) / 10000)%10)), ('0' + (((3) / 1000)%10)), ('0' + (((3) / 100)%10)), ('0' + (((3) / 10)%10)), ('0' + ((3) % 10)),

   '.', ('0' + (((1) / 10000000)%10)), ('0' + (((1) / 1000000)%10)), ('0' + (((1) / 100000)%10)), ('0' + (((1) / 10000)%10)), ('0' + (((1) / 1000)%10)), ('0' + (((1) / 100)%10)), ('0' + (((1) / 10)%10)), ('0' + ((1) % 10)),





  ']','\0'};
# 614 "CMakeCCompilerId.c"
char * info_platform = "INFO" ":" "platform[" "]";
char * info_arch = "INFO" ":" "arch[" "]";
# 634 "CMakeCCompilerId.c"
 char* info_language_dialect_default =
  "INFO" ":" "dialect_default[" "11" "]";







int main(argc, argv) int argc; char *argv[];



{
  int require = 0;
  require += info_compiler[argc];
  require += info_platform[argc];
  require += info_arch[argc];

  require += info_version[argc];
# 667 "CMakeCCompilerId.c"
  require += info_language_dialect_default[argc];
  (void)argv;
  return require;
}


Compiling the C compiler identification source file "CMakeCCompilerId.c" succeeded.
Compiler: /home/evg/toolchain/gcc-arm-none-eabi-10.3-2021.10/bin/arm-none-eabi-cpp 
Build flags: 
Id flags:  

The output was:
0
# 1 "CMakeCCompilerId.c"
# 1 "<built-in>"
# 1 "<command-line>"
# 1 "CMakeCCompilerId.c"
# 321 "CMakeCCompilerId.c"
char const* info_compiler = "INFO" ":" "compiler[" "GNU" "]";
# 567 "CMakeCCompilerId.c"
char const info_version[] = {
  'I', 'N', 'F', 'O', ':',
  'c','o','m','p','i','l','e','r','_','v','e','r','s','i','o','n','[',
  ('0' + (((10) / 10000000)%10)), ('0' + (((10) / 1000000)%10)), ('0' + (((10) / 100000)%10)), ('0' + (((10) / 10000)%10)), ('0' + (((10) / 1000)%10)), ('0' + (((10) / 100)%10)), ('0' + (((10) / 10)%10)), ('0' + ((10) % 10)),

  '.', ('0' + (((3) / 10000000)%10)), ('0' + (((3) / 1000000)%10)), ('0' + (((3) / 100000)%10)), ('0' + (((3) / 10000)%10)), ('0' + (((3) / 1000)%10)), ('0' + (((3) / 100)%10)), ('0' + (((3) / 10)%10)), ('0' + ((3) % 10)),

   '.', ('0' + (((1) / 10000000)%10)), ('0' + (((1) / 1000000)%10)), ('0' + (((1) / 100000)%10)), ('0' + (((1) / 10000)%10)), ('0' + (((1) / 1000)%10)), ('0' + (((1) / 100)%10)), ('0' + (((1) / 10)%10)), ('0' + ((1) % 10)),





  ']','\0'};
# 614 "CMakeCCompilerId.c"
char const* info_platform = "INFO" ":" "platform[" "]";
char const* info_arch = "INFO" ":" "arch[" "]";
# 634 "CMakeCCompilerId.c"
const char* info_language_dialect_default =
  "INFO" ":" "dialect_default[" "11" "]";
# 645 "CMakeCCompilerId.c"
int main(int argc, char* argv[])

{
  int require = 0;
  require += info_compiler[argc];
  require += info_platform[argc];
  require += info_arch[argc];

  require += info_version[argc];
# 667 "CMakeCCompilerId.c"
  require += info_language_dialect_default[argc];
  (void)argv;
  return require;
}


Compiling the C compiler identification source file "CMakeCCompilerId.c" succeeded.
Compiler: /home/evg/toolchain/gcc-arm-none-eabi-10.3-2021.10/bin/arm-none-eabi-cpp 
Build flags: 
Id flags: -D__CLASSIC_C__ 

The output was:
0
# 1 "CMakeCCompilerId.c"
# 1 "<built-in>"
# 1 "<command-line>"
# 1 "CMakeCCompilerId.c"
# 321 "CMakeCCompilerId.c"
char * info_compiler = "INFO" ":" "compiler[" "GNU" "]";
# 567 "CMakeCCompilerId.c"
char info_version[] = {
  'I', 'N', 'F', 'O', ':',
  'c','o','m','p','i','l','e','r','_','v','e','r','s','i','o','n','[',
  ('0' + (((10) / 10000000)%10)), ('0' + (((10) / 1000000)%10)), ('0' + (((10) / 100000)%10)), ('0' + (((10) / 10000)%10)), ('0' + (((10) / 1000)%10)), ('0' + (((10) / 100)%10)), ('0' + (((10) / 10)%10)), ('0' + ((10) % 10)),

  '.', ('0' + (((3) / 10000000)%10)), ('0' + (((3) / 1000000)%10)), ('0' + (((3) / 100000)%10)), ('0' + (((3) / 10000)%10)), ('0' + (((3) / 1000)%10)), ('0' + (((3) / 100)%10)), ('0' + (((3) / 10)%10)), ('0' + ((3) % 10)),

   '.', ('0' + (((1) / 10000000)%10)), ('0' + (((1) / 1000000)%10)), ('0' + (((1) / 100000)%10)), ('0' + (((1) / 10000)%10)), ('0' + (((1) / 1000)%10)), ('0' + (((1) / 100)%10)), ('0' + (((1) / 10)%10)), ('0' + ((1) % 10)),





  ']','\0'};
# 614 "CMakeCCompilerId.c"
char * info_platform = "INFO" ":" "platform[" "]";
char * info_arch = "INFO" ":" "arch[" "]";
# 634 "CMakeCCompilerId.c"
 char* info_language_dialect_default =
  "INFO" ":" "dialect_default[" "11" "]";







int main(argc, argv) int argc; char *argv[];



{
  int require = 0;
  require += info_compiler[argc];
  require += info_platform[argc];
  require += info_arch[argc];

  require += info_version[argc];
# 667 "CMakeCCompilerId.c"
  require += info_language_dialect_default[argc];
  (void)argv;
  return require;
}


Compiling the CXX compiler identification source file "CMakeCXXCompilerId.cpp" succeeded.
Compiler: /home/evg/toolchain/gcc-arm-none-eabi-10.3-2021.10/bin/arm-none-eabi-c++ 
Build flags: 
Id flags: -c 

The output was:
0


Compilation of the CXX compiler identification source "CMakeCXXCompilerId.cpp" produced "CMakeCXXCompilerId.o"

The CXX compiler identification is GNU, found in "/home/evg/SOFT/Github/Arm/milandr_display_cmake/build/CMakeFiles/3.16.3/CompilerIdCXX/CMakeCXXCompilerId.o"

Checking whether the ASM compiler is GNU using "--version" matched "(GNU assembler)|(GCC)|(Free Software Foundation)":
arm-none-eabi-cpp (GNU Arm Embedded Toolchain 10.3-2021.10) 10.3.1 20210824 (release)
Copyright (C) 2020 Free Software Foundation, Inc.
This is free software; see the source for copying conditions.  There is NO
warranty; not even for MERCHANTABILITY or FITNESS FOR A PARTICULAR PURPOSE.

Compiling the C compiler identification source file "CMakeCCompilerId.c" succeeded.
Compiler: /home/evg/toolchain/gcc-arm-none-eabi-10.3-2021.10/bin/arm-none-eabi-cpp 
Build flags: 
Id flags:  

The output was:
0
# 1 "CMakeCCompilerId.c"
# 1 "<built-in>"
# 1 "<command-line>"
# 1 "CMakeCCompilerId.c"
# 321 "CMakeCCompilerId.c"
char const* info_compiler = "INFO" ":" "compiler[" "GNU" "]";
# 567 "CMakeCCompilerId.c"
char const info_version[] = {
  'I', 'N', 'F', 'O', ':',
  'c','o','m','p','i','l','e','r','_','v','e','r','s','i','o','n','[',
  ('0' + (((10) / 10000000)%10)), ('0' + (((10) / 1000000)%10)), ('0' + (((10) / 100000)%10)), ('0' + (((10) / 10000)%10)), ('0' + (((10) / 1000)%10)), ('0' + (((10) / 100)%10)), ('0' + (((10) / 10)%10)), ('0' + ((10) % 10)),

  '.', ('0' + (((3) / 10000000)%10)), ('0' + (((3) / 1000000)%10)), ('0' + (((3) / 100000)%10)), ('0' + (((3) / 10000)%10)), ('0' + (((3) / 1000)%10)), ('0' + (((3) / 100)%10)), ('0' + (((3) / 10)%10)), ('0' + ((3) % 10)),

   '.', ('0' + (((1) / 10000000)%10)), ('0' + (((1) / 1000000)%10)), ('0' + (((1) / 100000)%10)), ('0' + (((1) / 10000)%10)), ('0' + (((1) / 1000)%10)), ('0' + (((1) / 100)%10)), ('0' + (((1) / 10)%10)), ('0' + ((1) % 10)),





  ']','\0'};
# 614 "CMakeCCompilerId.c"
char const* info_platform = "INFO" ":" "platform[" "]";
char const* info_arch = "INFO" ":" "arch[" "]";
# 634 "CMakeCCompilerId.c"
const char* info_language_dialect_default =
  "INFO" ":" "dialect_default[" "11" "]";
# 645 "CMakeCCompilerId.c"
int main(int argc, char* argv[])

{
  int require = 0;
  require += info_compiler[argc];
  require += info_platform[argc];
  require += info_arch[argc];

  require += info_version[argc];
# 667 "CMakeCCompilerId.c"
  require += info_language_dialect_default[argc];
  (void)argv;
  return require;
}


Compiling the C compiler identification source file "CMakeCCompilerId.c" succeeded.
Compiler: /home/evg/toolchain/gcc-arm-none-eabi-10.3-2021.10/bin/arm-none-eabi-cpp 
Build flags: 
Id flags: -D__CLASSIC_C__ 

The output was:
0
# 1 "CMakeCCompilerId.c"
# 1 "<built-in>"
# 1 "<command-line>"
# 1 "CMakeCCompilerId.c"
# 321 "CMakeCCompilerId.c"
char * info_compiler = "INFO" ":" "compiler[" "GNU" "]";
# 567 "CMakeCCompilerId.c"
char info_version[] = {
  'I', 'N', 'F', 'O', ':',
  'c','o','m','p','i','l','e','r','_','v','e','r','s','i','o','n','[',
  ('0' + (((10) / 10000000)%10)), ('0' + (((10) / 1000000)%10)), ('0' + (((10) / 100000)%10)), ('0' + (((10) / 10000)%10)), ('0' + (((10) / 1000)%10)), ('0' + (((10) / 100)%10)), ('0' + (((10) / 10)%10)), ('0' + ((10) % 10)),

  '.', ('0' + (((3) / 10000000)%10)), ('0' + (((3) / 1000000)%10)), ('0' + (((3) / 100000)%10)), ('0' + (((3) / 10000)%10)), ('0' + (((3) / 1000)%10)), ('0' + (((3) / 100)%10)), ('0' + (((3) / 10)%10)), ('0' + ((3) % 10)),

   '.', ('0' + (((1) / 10000000)%10)), ('0' + (((1) / 1000000)%10)), ('0' + (((1) / 100000)%10)), ('0' + (((1) / 10000)%10)), ('0' + (((1) / 1000)%10)), ('0' + (((1) / 100)%10)), ('0' + (((1) / 10)%10)), ('0' + ((1) % 10)),





  ']','\0'};
# 614 "CMakeCCompilerId.c"
char * info_platform = "INFO" ":" "platform[" "]";
char * info_arch = "INFO" ":" "arch[" "]";
# 634 "CMakeCCompilerId.c"
 char* info_language_dialect_default =
  "INFO" ":" "dialect_default[" "11" "]";







int main(argc, argv) int argc; char *argv[];



{
  int require = 0;
  require += info_compiler[argc];
  require += info_platform[argc];
  require += info_arch[argc];

  require += info_version[argc];
# 667 "CMakeCCompilerId.c"
  require += info_language_dialect_default[argc];
  (void)argv;
  return require;
}


Compiling the C compiler identification source file "CMakeCCompilerId.c" succeeded.
Compiler: /home/evg/toolchain/gcc-arm-none-eabi-10.3-2021.10/bin/arm-none-eabi-cpp 
Build flags: 
Id flags:  

The output was:
0
# 1 "CMakeCCompilerId.c"
# 1 "<built-in>"
# 1 "<command-line>"
# 1 "CMakeCCompilerId.c"
# 321 "CMakeCCompilerId.c"
char const* info_compiler = "INFO" ":" "compiler[" "GNU" "]";
# 567 "CMakeCCompilerId.c"
char const info_version[] = {
  'I', 'N', 'F', 'O', ':',
  'c','o','m','p','i','l','e','r','_','v','e','r','s','i','o','n','[',
  ('0' + (((10) / 10000000)%10)), ('0' + (((10) / 1000000)%10)), ('0' + (((10) / 100000)%10)), ('0' + (((10) / 10000)%10)), ('0' + (((10) / 1000)%10)), ('0' + (((10) / 100)%10)), ('0' + (((10) / 10)%10)), ('0' + ((10) % 10)),

  '.', ('0' + (((3) / 10000000)%10)), ('0' + (((3) / 1000000)%10)), ('0' + (((3) / 100000)%10)), ('0' + (((3) / 10000)%10)), ('0' + (((3) / 1000)%10)), ('0' + (((3) / 100)%10)), ('0' + (((3) / 10)%10)), ('0' + ((3) % 10)),

   '.', ('0' + (((1) / 10000000)%10)), ('0' + (((1) / 1000000)%10)), ('0' + (((1) / 100000)%10)), ('0' + (((1) / 10000)%10)), ('0' + (((1) / 1000)%10)), ('0' + (((1) / 100)%10)), ('0' + (((1) / 10)%10)), ('0' + ((1) % 10)),





  ']','\0'};
# 614 "CMakeCCompilerId.c"
char const* info_platform = "INFO" ":" "platform[" "]";
char const* info_arch = "INFO" ":" "arch[" "]";
# 634 "CMakeCCompilerId.c"
const char* info_language_dialect_default =
  "INFO" ":" "dialect_default[" "11" "]";
# 645 "CMakeCCompilerId.c"
int main(int argc, char* argv[])

{
  int require = 0;
  require += info_compiler[argc];
  require += info_platform[argc];
  require += info_arch[argc];

  require += info_version[argc];
# 667 "CMakeCCompilerId.c"
  require += info_language_dialect_default[argc];
  (void)argv;
  return require;
}


Compiling the C compiler identification source file "CMakeCCompilerId.c" succeeded.
Compiler: /home/evg/toolchain/gcc-arm-none-eabi-10.3-2021.10/bin/arm-none-eabi-cpp 
Build flags: 
Id flags: -D__CLASSIC_C__ 

The output was:
0
# 1 "CMakeCCompilerId.c"
# 1 "<built-in>"
# 1 "<command-line>"
# 1 "CMakeCCompilerId.c"
# 321 "CMakeCCompilerId.c"
char * info_compiler = "INFO" ":" "compiler[" "GNU" "]";
# 567 "CMakeCCompilerId.c"
char info_version[] = {
  'I', 'N', 'F', 'O', ':',
  'c','o','m','p','i','l','e','r','_','v','e','r','s','i','o','n','[',
  ('0' + (((10) / 10000000)%10)), ('0' + (((10) / 1000000)%10)), ('0' + (((10) / 100000)%10)), ('0' + (((10) / 10000)%10)), ('0' + (((10) / 1000)%10)), ('0' + (((10) / 100)%10)), ('0' + (((10) / 10)%10)), ('0' + ((10) % 10)),

  '.', ('0' + (((3) / 10000000)%10)), ('0' + (((3) / 1000000)%10)), ('0' + (((3) / 100000)%10)), ('0' + (((3) / 10000)%10)), ('0' + (((3) / 1000)%10)), ('0' + (((3) / 100)%10)), ('0' + (((3) / 10)%10)), ('0' + ((3) % 10)),

   '.', ('0' + (((1) / 10000000)%10)), ('0' + (((1) / 1000000)%10)), ('0' + (((1) / 100000)%10)), ('0' + (((1) / 10000)%10)), ('0' + (((1) / 1000)%10)), ('0' + (((1) / 100)%10)), ('0' + (((1) / 10)%10)), ('0' + ((1) % 10)),





  ']','\0'};
# 614 "CMakeCCompilerId.c"
char * info_platform = "INFO" ":" "platform[" "]";
char * info_arch = "INFO" ":" "arch[" "]";
# 634 "CMakeCCompilerId.c"
 char* info_language_dialect_default =
  "INFO" ":" "dialect_default[" "11" "]";







int main(argc, argv) int argc; char *argv[];



{
  int require = 0;
  require += info_compiler[argc];
  require += info_platform[argc];
  require += info_arch[argc];

  require += info_version[argc];
# 667 "CMakeCCompilerId.c"
  require += info_language_dialect_default[argc];
  (void)argv;
  return require;
}


Compiling the C compiler identification source file "CMakeCCompilerId.c" succeeded.
Compiler: /home/evg/toolchain/gcc-arm-none-eabi-10.3-2021.10/bin/arm-none-eabi-cpp 
Build flags: 
Id flags:  

The output was:
0
# 1 "CMakeCCompilerId.c"
# 1 "<built-in>"
# 1 "<command-line>"
# 1 "CMakeCCompilerId.c"
# 321 "CMakeCCompilerId.c"
char const* info_compiler = "INFO" ":" "compiler[" "GNU" "]";
# 567 "CMakeCCompilerId.c"
char const info_version[] = {
  'I', 'N', 'F', 'O', ':',
  'c','o','m','p','i','l','e','r','_','v','e','r','s','i','o','n','[',
  ('0' + (((10) / 10000000)%10)), ('0' + (((10) / 1000000)%10)), ('0' + (((10) / 100000)%10)), ('0' + (((10) / 10000)%10)), ('0' + (((10) / 1000)%10)), ('0' + (((10) / 100)%10)), ('0' + (((10) / 10)%10)), ('0' + ((10) % 10)),

  '.', ('0' + (((3) / 10000000)%10)), ('0' + (((3) / 1000000)%10)), ('0' + (((3) / 100000)%10)), ('0' + (((3) / 10000)%10)), ('0' + (((3) / 1000)%10)), ('0' + (((3) / 100)%10)), ('0' + (((3) / 10)%10)), ('0' + ((3) % 10)),

   '.', ('0' + (((1) / 10000000)%10)), ('0' + (((1) / 1000000)%10)), ('0' + (((1) / 100000)%10)), ('0' + (((1) / 10000)%10)), ('0' + (((1) / 1000)%10)), ('0' + (((1) / 100)%10)), ('0' + (((1) / 10)%10)), ('0' + ((1) % 10)),





  ']','\0'};
# 614 "CMakeCCompilerId.c"
char const* info_platform = "INFO" ":" "platform[" "]";
char const* info_arch = "INFO" ":" "arch[" "]";
# 634 "CMakeCCompilerId.c"
const char* info_language_dialect_default =
  "INFO" ":" "dialect_default[" "11" "]";
# 645 "CMakeCCompilerId.c"
int main(int argc, char* argv[])

{
  int require = 0;
  require += info_compiler[argc];
  require += info_platform[argc];
  require += info_arch[argc];

  require += info_version[argc];
# 667 "CMakeCCompilerId.c"
  require += info_language_dialect_default[argc];
  (void)argv;
  return require;
}


Compiling the C compiler identification source file "CMakeCCompilerId.c" succeeded.
Compiler: /home/evg/toolchain/gcc-arm-none-eabi-10.3-2021.10/bin/arm-none-eabi-cpp 
Build flags: 
Id flags: -D__CLASSIC_C__ 

The output was:
0
# 1 "CMakeCCompilerId.c"
# 1 "<built-in>"
# 1 "<command-line>"
# 1 "CMakeCCompilerId.c"
# 321 "CMakeCCompilerId.c"
char * info_compiler = "INFO" ":" "compiler[" "GNU" "]";
# 567 "CMakeCCompilerId.c"
char info_version[] = {
  'I', 'N', 'F', 'O', ':',
  'c','o','m','p','i','l','e','r','_','v','e','r','s','i','o','n','[',
  ('0' + (((10) / 10000000)%10)), ('0' + (((10) / 1000000)%10)), ('0' + (((10) / 100000)%10)), ('0' + (((10) / 10000)%10)), ('0' + (((10) / 1000)%10)), ('0' + (((10) / 100)%10)), ('0' + (((10) / 10)%10)), ('0' + ((10) % 10)),

  '.', ('0' + (((3) / 10000000)%10)), ('0' + (((3) / 1000000)%10)), ('0' + (((3) / 100000)%10)), ('0' + (((3) / 10000)%10)), ('0' + (((3) / 1000)%10)), ('0' + (((3) / 100)%10)), ('0' + (((3) / 10)%10)), ('0' + ((3) % 10)),

   '.', ('0' + (((1) / 10000000)%10)), ('0' + (((1) / 1000000)%10)), ('0' + (((1) / 100000)%10)), ('0' + (((1) / 10000)%10)), ('0' + (((1) / 1000)%10)), ('0' + (((1) / 100)%10)), ('0' + (((1) / 10)%10)), ('0' + ((1) % 10)),





  ']','\0'};
# 614 "CMakeCCompilerId.c"
char * info_platform = "INFO" ":" "platform[" "]";
char * info_arch = "INFO" ":" "arch[" "]";
# 634 "CMakeCCompilerId.c"
 char* info_language_dialect_default =
  "INFO" ":" "dialect_default[" "11" "]";







int main(argc, argv) int argc; char *argv[];



{
  int require = 0;
  require += info_compiler[argc];
  require += info_platform[argc];
  require += info_arch[argc];

  require += info_version[argc];
# 667 "CMakeCCompilerId.c"
  require += info_language_dialect_default[argc];
  (void)argv;
  return require;
}


Compiling the C compiler identification source file "CMakeCCompilerId.c" succeeded.
Compiler: /home/evg/toolchain/gcc-arm-none-eabi-10.3-2021.10/bin/arm-none-eabi-cpp 
Build flags: 
Id flags:  

The output was:
0
# 1 "CMakeCCompilerId.c"
# 1 "<built-in>"
# 1 "<command-line>"
# 1 "CMakeCCompilerId.c"
# 321 "CMakeCCompilerId.c"
char const* info_compiler = "INFO" ":" "compiler[" "GNU" "]";
# 567 "CMakeCCompilerId.c"
char const info_version[] = {
  'I', 'N', 'F', 'O', ':',
  'c','o','m','p','i','l','e','r','_','v','e','r','s','i','o','n','[',
  ('0' + (((10) / 10000000)%10)), ('0' + (((10) / 1000000)%10)), ('0' + (((10) / 100000)%10)), ('0' + (((10) / 10000)%10)), ('0' + (((10) / 1000)%10)), ('0' + (((10) / 100)%10)), ('0' + (((10) / 10)%10)), ('0' + ((10) % 10)),

  '.', ('0' + (((3) / 10000000)%10)), ('0' + (((3) / 1000000)%10)), ('0' + (((3) / 100000)%10)), ('0' + (((3) / 10000)%10)), ('0' + (((3) / 1000)%10)), ('0' + (((3) / 100)%10)), ('0' + (((3) / 10)%10)), ('0' + ((3) % 10)),

   '.', ('0' + (((1) / 10000000)%10)), ('0' + (((1) / 1000000)%10)), ('0' + (((1) / 100000)%10)), ('0' + (((1) / 10000)%10)), ('0' + (((1) / 1000)%10)), ('0' + (((1) / 100)%10)), ('0' + (((1) / 10)%10)), ('0' + ((1) % 10)),





  ']','\0'};
# 614 "CMakeCCompilerId.c"
char const* info_platform = "INFO" ":" "platform[" "]";
char const* info_arch = "INFO" ":" "arch[" "]";
# 634 "CMakeCCompilerId.c"
const char* info_language_dialect_default =
  "INFO" ":" "dialect_default[" "11" "]";
# 645 "CMakeCCompilerId.c"
int main(int argc, char* argv[])

{
  int require = 0;
  require += info_compiler[argc];
  require += info_platform[argc];
  require += info_arch[argc];

  require += info_version[argc];
# 667 "CMakeCCompilerId.c"
  require += info_language_dialect_default[argc];
  (void)argv;
  return require;
}


Compiling the C compiler identification source file "CMakeCCompilerId.c" succeeded.
Compiler: /home/evg/toolchain/gcc-arm-none-eabi-10.3-2021.10/bin/arm-none-eabi-cpp 
Build flags: 
Id flags: -D__CLASSIC_C__ 

The output was:
0
# 1 "CMakeCCompilerId.c"
# 1 "<built-in>"
# 1 "<command-line>"
# 1 "CMakeCCompilerId.c"
# 321 "CMakeCCompilerId.c"
char * info_compiler = "INFO" ":" "compiler[" "GNU" "]";
# 567 "CMakeCCompilerId.c"
char info_version[] = {
  'I', 'N', 'F', 'O', ':',
  'c','o','m','p','i','l','e','r','_','v','e','r','s','i','o','n','[',
  ('0' + (((10) / 10000000)%10)), ('0' + (((10) / 1000000)%10)), ('0' + (((10) / 100000)%10)), ('0' + (((10) / 10000)%10)), ('0' + (((10) / 1000)%10)), ('0' + (((10) / 100)%10)), ('0' + (((10) / 10)%10)), ('0' + ((10) % 10)),

  '.', ('0' + (((3) / 10000000)%10)), ('0' + (((3) / 1000000)%10)), ('0' + (((3) / 100000)%10)), ('0' + (((3) / 10000)%10)), ('0' + (((3) / 1000)%10)), ('0' + (((3) / 100)%10)), ('0' + (((3) / 10)%10)), ('0' + ((3) % 10)),

   '.', ('0' + (((1) / 10000000)%10)), ('0' + (((1) / 1000000)%10)), ('0' + (((1) / 100000)%10)), ('0' + (((1) / 10000)%10)), ('0' + (((1) / 1000)%10)), ('0' + (((1) / 100)%10)), ('0' + (((1) / 10)%10)), ('0' + ((1) % 10)),





  ']','\0'};
# 614 "CMakeCCompilerId.c"
char * info_platform = "INFO" ":" "platform[" "]";
char * info_arch = "INFO" ":" "arch[" "]";
# 634 "CMakeCCompilerId.c"
 char* info_language_dialect_default =
  "INFO" ":" "dialect_default[" "11" "]";







int main(argc, argv) int argc; char *argv[];



{
  int require = 0;
  require += info_compiler[argc];
  require += info_platform[argc];
  require += info_arch[argc];

  require += info_version[argc];
# 667 "CMakeCCompilerId.c"
  require += info_language_dialect_default[argc];
  (void)argv;
  return require;
}


Compiling the C compiler identification source file "CMakeCCompilerId.c" succeeded.
Compiler: /home/evg/toolchain/gcc-arm-none-eabi-10.3-2021.10/bin/arm-none-eabi-cpp 
Build flags: 
Id flags:  

The output was:
0
# 1 "CMakeCCompilerId.c"
# 1 "<built-in>"
# 1 "<command-line>"
# 1 "CMakeCCompilerId.c"
# 321 "CMakeCCompilerId.c"
char const* info_compiler = "INFO" ":" "compiler[" "GNU" "]";
# 567 "CMakeCCompilerId.c"
char const info_version[] = {
  'I', 'N', 'F', 'O', ':',
  'c','o','m','p','i','l','e','r','_','v','e','r','s','i','o','n','[',
  ('0' + (((10) / 10000000)%10)), ('0' + (((10) / 1000000)%10)), ('0' + (((10) / 100000)%10)), ('0' + (((10) / 10000)%10)), ('0' + (((10) / 1000)%10)), ('0' + (((10) / 100)%10)), ('0' + (((10) / 10)%10)), ('0' + ((10) % 10)),

  '.', ('0' + (((3) / 10000000)%10)), ('0' + (((3) / 1000000)%10)), ('0' + (((3) / 100000)%10)), ('0' + (((3) / 10000)%10)), ('0' + (((3) / 1000)%10)), ('0' + (((3) / 100)%10)), ('0' + (((3) / 10)%10)), ('0' + ((3) % 10)),

   '.', ('0' + (((1) / 10000000)%10)), ('0' + (((1) / 1000000)%10)), ('0' + (((1) / 100000)%10)), ('0' + (((1) / 10000)%10)), ('0' + (((1) / 1000)%10)), ('0' + (((1) / 100)%10)), ('0' + (((1) / 10)%10)), ('0' + ((1) % 10)),





  ']','\0'};
# 614 "CMakeCCompilerId.c"
char const* info_platform = "INFO" ":" "platform[" "]";
char const* info_arch = "INFO" ":" "arch[" "]";
# 634 "CMakeCCompilerId.c"
const char* info_language_dialect_default =
  "INFO" ":" "dialect_default[" "11" "]";
# 645 "CMakeCCompilerId.c"
int main(int argc, char* argv[])

{
  int require = 0;
  require += info_compiler[argc];
  require += info_platform[argc];
  require += info_arch[argc];

  require += info_version[argc];
# 667 "CMakeCCompilerId.c"
  require += info_language_dialect_default[argc];
  (void)argv;
  return require;
}


Compiling the C compiler identification source file "CMakeCCompilerId.c" succeeded.
Compiler: /home/evg/toolchain/gcc-arm-none-eabi-10.3-2021.10/bin/arm-none-eabi-cpp 
Build flags: 
Id flags: -D__CLASSIC_C__ 

The output was:
0
# 1 "CMakeCCompilerId.c"
# 1 "<built-in>"
# 1 "<command-line>"
# 1 "CMakeCCompilerId.c"
# 321 "CMakeCCompilerId.c"
char * info_compiler = "INFO" ":" "compiler[" "GNU" "]";
# 567 "CMakeCCompilerId.c"
char info_version[] = {
  'I', 'N', 'F', 'O', ':',
  'c','o','m','p','i','l','e','r','_','v','e','r','s','i','o','n','[',
  ('0' + (((10) / 10000000)%10)), ('0' + (((10) / 1000000)%10)), ('0' + (((10) / 100000)%10)), ('0' + (((10) / 10000)%10)), ('0' + (((10) / 1000)%10)), ('0' + (((10) / 100)%10)), ('0' + (((10) / 10)%10)), ('0' + ((10) % 10)),

  '.', ('0' + (((3) / 10000000)%10)), ('0' + (((3) / 1000000)%10)), ('0' + (((3) / 100000)%10)), ('0' + (((3) / 10000)%10)), ('0' + (((3) / 1000)%10)), ('0' + (((3) / 100)%10)), ('0' + (((3) / 10)%10)), ('0' + ((3) % 10)),

   '.', ('0' + (((1) / 10000000)%10)), ('0' + (((1) / 1000000)%10)), ('0' + (((1) / 100000)%10)), ('0' + (((1) / 10000)%10)), ('0' + (((1) / 1000)%10)), ('0' + (((1) / 100)%10)), ('0' + (((1) / 10)%10)), ('0' + ((1) % 10)),





  ']','\0'};
# 614 "CMakeCCompilerId.c"
char * info_platform = "INFO" ":" "platform[" "]";
char * info_arch = "INFO" ":" "arch[" "]";
# 634 "CMakeCCompilerId.c"
 char* info_language_dialect_default =
  "INFO" ":" "dialect_default[" "11" "]";







int main(argc, argv) int argc; char *argv[];



{
  int require = 0;
  require += info_compiler[argc];
  require += info_platform[argc];
  require += info_arch[argc];

  require += info_version[argc];
# 667 "CMakeCCompilerId.c"
  require += info_language_dialect_default[argc];
  (void)argv;
  return require;
}


Compiling the C compiler identification source file "CMakeCCompilerId.c" succeeded.
Compiler: /home/evg/toolchain/gcc-arm-none-eabi-10.3-2021.10/bin/arm-none-eabi-cpp 
Build flags: 
Id flags:  

The output was:
0
# 1 "CMakeCCompilerId.c"
# 1 "<built-in>"
# 1 "<command-line>"
# 1 "CMakeCCompilerId.c"
# 321 "CMakeCCompilerId.c"
char const* info_compiler = "INFO" ":" "compiler[" "GNU" "]";
# 567 "CMakeCCompilerId.c"
char const info_version[] = {
  'I', 'N', 'F', 'O', ':',
  'c','o','m','p','i','l','e','r','_','v','e','r','s','i','o','n','[',
  ('0' + (((10) / 10000000)%10)), ('0' + (((10) / 1000000)%10)), ('0' + (((10) / 100000)%10)), ('0' + (((10) / 10000)%10)), ('0' + (((10) / 1000)%10)), ('0' + (((10) / 100)%10)), ('0' + (((10) / 10)%10)), ('0' + ((10) % 10)),

  '.', ('0' + (((3) / 10000000)%10)), ('0' + (((3) / 1000000)%10)), ('0' + (((3) / 100000)%10)), ('0' + (((3) / 10000)%10)), ('0' + (((3) / 1000)%10)), ('0' + (((3) / 100)%10)), ('0' + (((3) / 10)%10)), ('0' + ((3) % 10)),

   '.', ('0' + (((1) / 10000000)%10)), ('0' + (((1) / 1000000)%10)), ('0' + (((1) / 100000)%10)), ('0' + (((1) / 10000)%10)), ('0' + (((1) / 1000)%10)), ('0' + (((1) / 100)%10)), ('0' + (((1) / 10)%10)), ('0' + ((1) % 10)),





  ']','\0'};
# 614 "CMakeCCompilerId.c"
char const* info_platform = "INFO" ":" "platform[" "]";
char const* info_arch = "INFO" ":" "arch[" "]";
# 634 "CMakeCCompilerId.c"
const char* info_language_dialect_default =
  "INFO" ":" "dialect_default[" "11" "]";
# 645 "CMakeCCompilerId.c"
int main(int argc, char* argv[])

{
  int require = 0;
  require += info_compiler[argc];
  require += info_platform[argc];
  require += info_arch[argc];

  require += info_version[argc];
# 667 "CMakeCCompilerId.c"
  require += info_language_dialect_default[argc];
  (void)argv;
  return require;
}


Compiling the C compiler identification source file "CMakeCCompilerId.c" succeeded.
Compiler: /home/evg/toolchain/gcc-arm-none-eabi-10.3-2021.10/bin/arm-none-eabi-cpp 
Build flags: 
Id flags: -D__CLASSIC_C__ 

The output was:
0
# 1 "CMakeCCompilerId.c"
# 1 "<built-in>"
# 1 "<command-line>"
# 1 "CMakeCCompilerId.c"
# 321 "CMakeCCompilerId.c"
char * info_compiler = "INFO" ":" "compiler[" "GNU" "]";
# 567 "CMakeCCompilerId.c"
char info_version[] = {
  'I', 'N', 'F', 'O', ':',
  'c','o','m','p','i','l','e','r','_','v','e','r','s','i','o','n','[',
  ('0' + (((10) / 10000000)%10)), ('0' + (((10) / 1000000)%10)), ('0' + (((10) / 100000)%10)), ('0' + (((10) / 10000)%10)), ('0' + (((10) / 1000)%10)), ('0' + (((10) / 100)%10)), ('0' + (((10) / 10)%10)), ('0' + ((10) % 10)),

  '.', ('0' + (((3) / 10000000)%10)), ('0' + (((3) / 1000000)%10)), ('0' + (((3) / 100000)%10)), ('0' + (((3) / 10000)%10)), ('0' + (((3) / 1000)%10)), ('0' + (((3) / 100)%10)), ('0' + (((3) / 10)%10)), ('0' + ((3) % 10)),

   '.', ('0' + (((1) / 10000000)%10)), ('0' + (((1) / 1000000)%10)), ('0' + (((1) / 100000)%10)), ('0' + (((1) / 10000)%10)), ('0' + (((1) / 1000)%10)), ('0' + (((1) / 100)%10)), ('0' + (((1) / 10)%10)), ('0' + ((1) % 10)),





  ']','\0'};
# 614 "CMakeCCompilerId.c"
char * info_platform = "INFO" ":" "platform[" "]";
char * info_arch = "INFO" ":" "arch[" "]";
# 634 "CMakeCCompilerId.c"
 char* info_language_dialect_default =
  "INFO" ":" "dialect_default[" "11" "]";







int main(argc, argv) int argc; char *argv[];



{
  int require = 0;
  require += info_compiler[argc];
  require += info_platform[argc];
  require += info_arch[argc];

  require += info_version[argc];
# 667 "CMakeCCompilerId.c"
  require += info_language_dialect_default[argc];
  (void)argv;
  return require;
}


Compiling the C compiler identification source file "CMakeCCompilerId.c" succeeded.
Compiler: /home/evg/toolchain/gcc-arm-none-eabi-10.3-2021.10/bin/arm-none-eabi-cpp 
Build flags: 
Id flags:  

The output was:
0
# 1 "CMakeCCompilerId.c"
# 1 "<built-in>"
# 1 "<command-line>"
# 1 "CMakeCCompilerId.c"
# 321 "CMakeCCompilerId.c"
char const* info_compiler = "INFO" ":" "compiler[" "GNU" "]";
# 567 "CMakeCCompilerId.c"
char const info_version[] = {
  'I', 'N', 'F', 'O', ':',
  'c','o','m','p','i','l','e','r','_','v','e','r','s','i','o','n','[',
  ('0' + (((10) / 10000000)%10)), ('0' + (((10) / 1000000)%10)), ('0' + (((10) / 100000)%10)), ('0' + (((10) / 10000)%10)), ('0' + (((10) / 1000)%10)), ('0' + (((10) / 100)%10)), ('0' + (((10) / 10)%10)), ('0' + ((10) % 10)),

  '.', ('0' + (((3) / 10000000)%10)), ('0' + (((3) / 1000000)%10)), ('0' + (((3) / 100000)%10)), ('0' + (((3) / 10000)%10)), ('0' + (((3) / 1000)%10)), ('0' + (((3) / 100)%10)), ('0' + (((3) / 10)%10)), ('0' + ((3) % 10)),

   '.', ('0' + (((1) / 10000000)%10)), ('0' + (((1) / 1000000)%10)), ('0' + (((1) / 100000)%10)), ('0' + (((1) / 10000)%10)), ('0' + (((1) / 1000)%10)), ('0' + (((1) / 100)%10)), ('0' + (((1) / 10)%10)), ('0' + ((1) % 10)),





  ']','\0'};
# 614 "CMakeCCompilerId.c"
char const* info_platform = "INFO" ":" "platform[" "]";
char const* info_arch = "INFO" ":" "arch[" "]";
# 634 "CMakeCCompilerId.c"
const char* info_language_dialect_default =
  "INFO" ":" "dialect_default[" "11" "]";
# 645 "CMakeCCompilerId.c"
int main(int argc, char* argv[])

{
  int require = 0;
  require += info_compiler[argc];
  require += info_platform[argc];
  require += info_arch[argc];

  require += info_version[argc];
# 667 "CMakeCCompilerId.c"
  require += info_language_dialect_default[argc];
  (void)argv;
  return require;
}


Compiling the C compiler identification source file "CMakeCCompilerId.c" succeeded.
Compiler: /home/evg/toolchain/gcc-arm-none-eabi-10.3-2021.10/bin/arm-none-eabi-cpp 
Build flags: 
Id flags: -D__CLASSIC_C__ 

The output was:
0
# 1 "CMakeCCompilerId.c"
# 1 "<built-in>"
# 1 "<command-line>"
# 1 "CMakeCCompilerId.c"
# 321 "CMakeCCompilerId.c"
char * info_compiler = "INFO" ":" "compiler[" "GNU" "]";
# 567 "CMakeCCompilerId.c"
char info_version[] = {
  'I', 'N', 'F', 'O', ':',
  'c','o','m','p','i','l','e','r','_','v','e','r','s','i','o','n','[',
  ('0' + (((10) / 10000000)%10)), ('0' + (((10) / 1000000)%10)), ('0' + (((10) / 100000)%10)), ('0' + (((10) / 10000)%10)), ('0' + (((10) / 1000)%10)), ('0' + (((10) / 100)%10)), ('0' + (((10) / 10)%10)), ('0' + ((10) % 10)),

  '.', ('0' + (((3) / 10000000)%10)), ('0' + (((3) / 1000000)%10)), ('0' + (((3) / 100000)%10)), ('0' + (((3) / 10000)%10)), ('0' + (((3) / 1000)%10)), ('0' + (((3) / 100)%10)), ('0' + (((3) / 10)%10)), ('0' + ((3) % 10)),

   '.', ('0' + (((1) / 10000000)%10)), ('0' + (((1) / 1000000)%10)), ('0' + (((1) / 100000)%10)), ('0' + (((1) / 10000)%10)), ('0' + (((1) / 1000)%10)), ('0' + (((1) / 100)%10)), ('0' + (((1) / 10)%10)), ('0' + ((1) % 10)),





  ']','\0'};
# 614 "CMakeCCompilerId.c"
char * info_platform = "INFO" ":" "platform[" "]";
char * info_arch = "INFO" ":" "arch[" "]";
# 634 "CMakeCCompilerId.c"
 char* info_language_dialect_default =
  "INFO" ":" "dialect_default[" "11" "]";







int main(argc, argv) int argc; char *argv[];



{
  int require = 0;
  require += info_compiler[argc];
  require += info_platform[argc];
  require += info_arch[argc];

  require += info_version[argc];
# 667 "CMakeCCompilerId.c"
  require += info_language_dialect_default[argc];
  (void)argv;
  return require;
}


Compiling the C compiler identification source file "CMakeCCompilerId.c" succeeded.
Compiler: /home/evg/toolchain/gcc-arm-none-eabi-10.3-2021.10/bin/arm-none-eabi-cpp 
Build flags: 
Id flags:  

The output was:
0
# 1 "CMakeCCompilerId.c"
# 1 "<built-in>"
# 1 "<command-line>"
# 1 "CMakeCCompilerId.c"
# 321 "CMakeCCompilerId.c"
char const* info_compiler = "INFO" ":" "compiler[" "GNU" "]";
# 567 "CMakeCCompilerId.c"
char const info_version[] = {
  'I', 'N', 'F', 'O', ':',
  'c','o','m','p','i','l','e','r','_','v','e','r','s','i','o','n','[',
  ('0' + (((10) / 10000000)%10)), ('0' + (((10) / 1000000)%10)), ('0' + (((10) / 100000)%10)), ('0' + (((10) / 10000)%10)), ('0' + (((10) / 1000)%10)), ('0' + (((10) / 100)%10)), ('0' + (((10) / 10)%10)), ('0' + ((10) % 10)),

  '.', ('0' + (((3) / 10000000)%10)), ('0' + (((3) / 1000000)%10)), ('0' + (((3) / 100000)%10)), ('0' + (((3) / 10000)%10)), ('0' + (((3) / 1000)%10)), ('0' + (((3) / 100)%10)), ('0' + (((3) / 10)%10)), ('0' + ((3) % 10)),

   '.', ('0' + (((1) / 10000000)%10)), ('0' + (((1) / 1000000)%10)), ('0' + (((1) / 100000)%10)), ('0' + (((1) / 10000)%10)), ('0' + (((1) / 1000)%10)), ('0' + (((1) / 100)%10)), ('0' + (((1) / 10)%10)), ('0' + ((1) % 10)),





  ']','\0'};
# 614 "CMakeCCompilerId.c"
char const* info_platform = "INFO" ":" "platform[" "]";
char const* info_arch = "INFO" ":" "arch[" "]";
# 634 "CMakeCCompilerId.c"
const char* info_language_dialect_default =
  "INFO" ":" "dialect_default[" "11" "]";
# 645 "CMakeCCompilerId.c"
int main(int argc, char* argv[])

{
  int require = 0;
  require += info_compiler[argc];
  require += info_platform[argc];
  require += info_arch[argc];

  require += info_version[argc];
# 667 "CMakeCCompilerId.c"
  require += info_language_dialect_default[argc];
  (void)argv;
  return require;
}


Compiling the C compiler identification source file "CMakeCCompilerId.c" succeeded.
Compiler: /home/evg/toolchain/gcc-arm-none-eabi-10.3-2021.10/bin/arm-none-eabi-cpp 
Build flags: 
Id flags: -D__CLASSIC_C__ 

The output was:
0
# 1 "CMakeCCompilerId.c"
# 1 "<built-in>"
# 1 "<command-line>"
# 1 "CMakeCCompilerId.c"
# 321 "CMakeCCompilerId.c"
char * info_compiler = "INFO" ":" "compiler[" "GNU" "]";
# 567 "CMakeCCompilerId.c"
char info_version[] = {
  'I', 'N', 'F', 'O', ':',
  'c','o','m','p','i','l','e','r','_','v','e','r','s','i','o','n','[',
  ('0' + (((10) / 10000000)%10)), ('0' + (((10) / 1000000)%10)), ('0' + (((10) / 100000)%10)), ('0' + (((10) / 10000)%10)), ('0' + (((10) / 1000)%10)), ('0' + (((10) / 100)%10)), ('0' + (((10) / 10)%10)), ('0' + ((10) % 10)),

  '.', ('0' + (((3) / 10000000)%10)), ('0' + (((3) / 1000000)%10)), ('0' + (((3) / 100000)%10)), ('0' + (((3) / 10000)%10)), ('0' + (((3) / 1000)%10)), ('0' + (((3) / 100)%10)), ('0' + (((3) / 10)%10)), ('0' + ((3) % 10)),

   '.', ('0' + (((1) / 10000000)%10)), ('0' + (((1) / 1000000)%10)), ('0' + (((1) / 100000)%10)), ('0' + (((1) / 10000)%10)), ('0' + (((1) / 1000)%10)), ('0' + (((1) / 100)%10)), ('0' + (((1) / 10)%10)), ('0' + ((1) % 10)),





  ']','\0'};
# 614 "CMakeCCompilerId.c"
char * info_platform = "INFO" ":" "platform[" "]";
char * info_arch = "INFO" ":" "arch[" "]";
# 634 "CMakeCCompilerId.c"
 char* info_language_dialect_default =
  "INFO" ":" "dialect_default[" "11" "]";







int main(argc, argv) int argc; char *argv[];



{
  int require = 0;
  require += info_compiler[argc];
  require += info_platform[argc];
  require += info_arch[argc];

  require += info_version[argc];
# 667 "CMakeCCompilerId.c"
  require += info_language_dialect_default[argc];
  (void)argv;
  return require;
}


